{"/Users/admin/Downloads/weather-forecast/weather-forecast/src/assets/images/Chuva.svg": {"path":"/Users/admin/Downloads/weather-forecast/weather-forecast/src/assets/images/Chuva.svg","statementMap":{},"fnMap":{},"branchMap":{},"s":{},"f":{},"b":{},"meta":{"lastBranch":0,"lastFunction":0,"lastStatement":0,"seen":{},"fnNames":{}}}
,"/Users/admin/Downloads/weather-forecast/weather-forecast/src/assets/images/Ensolarado.svg": {"path":"/Users/admin/Downloads/weather-forecast/weather-forecast/src/assets/images/Ensolarado.svg","statementMap":{},"fnMap":{},"branchMap":{},"s":{},"f":{},"b":{},"meta":{"lastBranch":0,"lastFunction":0,"lastStatement":0,"seen":{},"fnNames":{}}}
,"/Users/admin/Downloads/weather-forecast/weather-forecast/src/assets/images/Inicio da Noite.svg": {"path":"/Users/admin/Downloads/weather-forecast/weather-forecast/src/assets/images/Inicio da Noite.svg","statementMap":{},"fnMap":{},"branchMap":{},"s":{},"f":{},"b":{},"meta":{"lastBranch":0,"lastFunction":0,"lastStatement":0,"seen":{},"fnNames":{}}}
,"/Users/admin/Downloads/weather-forecast/weather-forecast/src/assets/images/Noite.svg": {"path":"/Users/admin/Downloads/weather-forecast/weather-forecast/src/assets/images/Noite.svg","statementMap":{},"fnMap":{},"branchMap":{},"s":{},"f":{},"b":{},"meta":{"lastBranch":0,"lastFunction":0,"lastStatement":0,"seen":{},"fnNames":{}}}
,"/Users/admin/Downloads/weather-forecast/weather-forecast/src/assets/images/Nublado.svg": {"path":"/Users/admin/Downloads/weather-forecast/weather-forecast/src/assets/images/Nublado.svg","statementMap":{},"fnMap":{},"branchMap":{},"s":{},"f":{},"b":{},"meta":{"lastBranch":0,"lastFunction":0,"lastStatement":0,"seen":{},"fnNames":{}}}
,"/Users/admin/Downloads/weather-forecast/weather-forecast/src/features/weather/hooks/useWeatherDetails.ts": {"path":"/Users/admin/Downloads/weather-forecast/weather-forecast/src/features/weather/hooks/useWeatherDetails.ts","statementMap":{"0":{"start":{"line":7,"column":46},"end":{"line":9,"column":null}},"1":{"start":{"line":10,"column":64},"end":{"line":12,"column":null}},"2":{"start":{"line":13,"column":36},"end":{"line":13,"column":null}},"3":{"start":{"line":14,"column":40},"end":{"line":14,"column":null}},"4":{"start":{"line":16,"column":29},"end":{"line":40,"column":null}},"5":{"start":{"line":17,"column":47},"end":{"line":17,"column":56}},"6":{"start":{"line":18,"column":6},"end":{"line":18,"column":null}},"7":{"start":{"line":19,"column":6},"end":{"line":19,"column":null}},"8":{"start":{"line":21,"column":6},"end":{"line":37,"column":null}},"9":{"start":{"line":22,"column":24},"end":{"line":22,"column":null}},"10":{"start":{"line":24,"column":8},"end":{"line":27,"column":null}},"11":{"start":{"line":25,"column":10},"end":{"line":25,"column":null}},"12":{"start":{"line":26,"column":10},"end":{"line":26,"column":null}},"13":{"start":{"line":29,"column":8},"end":{"line":32,"column":null}},"14":{"start":{"line":30,"column":10},"end":{"line":30,"column":null}},"15":{"start":{"line":31,"column":10},"end":{"line":31,"column":null}},"16":{"start":{"line":34,"column":8},"end":{"line":36,"column":null}},"17":{"start":{"line":35,"column":10},"end":{"line":35,"column":null}},"18":{"start":{"line":42,"column":2},"end":{"line":53,"column":null}},"19":{"start":{"line":43,"column":20},"end":{"line":43,"column":null}},"20":{"start":{"line":45,"column":22},"end":{"line":47,"column":null}},"21":{"start":{"line":46,"column":6},"end":{"line":46,"column":null}},"22":{"start":{"line":46,"column":36},"end":{"line":46,"column":45}},"23":{"start":{"line":49,"column":4},"end":{"line":52,"column":null}},"24":{"start":{"line":50,"column":6},"end":{"line":50,"column":null}},"25":{"start":{"line":51,"column":6},"end":{"line":51,"column":null}},"26":{"start":{"line":55,"column":30},"end":{"line":71,"column":null}},"27":{"start":{"line":56,"column":4},"end":{"line":58,"column":null}},"28":{"start":{"line":57,"column":6},"end":{"line":57,"column":null}},"29":{"start":{"line":60,"column":4},"end":{"line":62,"column":null}},"30":{"start":{"line":61,"column":6},"end":{"line":61,"column":null}},"31":{"start":{"line":64,"column":4},"end":{"line":69,"column":null}},"32":{"start":{"line":73,"column":2},"end":{"line":91,"column":null}}},"fnMap":{"0":{"name":"useWeatherDetails","decl":{"start":{"line":6,"column":16},"end":{"line":6,"column":34}},"loc":{"start":{"line":6,"column":61},"end":{"line":92,"column":null}},"line":6},"1":{"name":"(anonymous_1)","decl":{"start":{"line":17,"column":4},"end":{"line":17,"column":11}},"loc":{"start":{"line":17,"column":56},"end":{"line":38,"column":null}},"line":17},"2":{"name":"(anonymous_2)","decl":{"start":{"line":17,"column":11},"end":{"line":17,"column":47}},"loc":{"start":{"line":17,"column":47},"end":{"line":17,"column":56}},"line":17},"3":{"name":"(anonymous_3)","decl":{"start":{"line":42,"column":2},"end":{"line":42,"column":18}},"loc":{"start":{"line":42,"column":18},"end":{"line":53,"column":5}},"line":42},"4":{"name":"(anonymous_4)","decl":{"start":{"line":45,"column":29},"end":{"line":45,"column":46}},"loc":{"start":{"line":45,"column":46},"end":{"line":47,"column":7}},"line":45},"5":{"name":"(anonymous_5)","decl":{"start":{"line":46,"column":11},"end":{"line":46,"column":36}},"loc":{"start":{"line":46,"column":36},"end":{"line":46,"column":45}},"line":46},"6":{"name":"(anonymous_6)","decl":{"start":{"line":49,"column":4},"end":{"line":49,"column":17}},"loc":{"start":{"line":49,"column":17},"end":{"line":52,"column":null}},"line":49},"7":{"name":"(anonymous_7)","decl":{"start":{"line":55,"column":30},"end":{"line":55,"column":44}},"loc":{"start":{"line":55,"column":44},"end":{"line":71,"column":5}},"line":55}},"branchMap":{"0":{"loc":{"start":{"line":17,"column":11},"end":{"line":17,"column":56}},"type":"default-arg","locations":[{"start":{"line":17,"column":11},"end":{"line":17,"column":56}}],"line":17},"1":{"loc":{"start":{"line":24,"column":8},"end":{"line":27,"column":null}},"type":"if","locations":[{"start":{"line":24,"column":8},"end":{"line":27,"column":null}},{"start":{},"end":{}}],"line":24},"2":{"loc":{"start":{"line":29,"column":8},"end":{"line":32,"column":null}},"type":"if","locations":[{"start":{"line":29,"column":8},"end":{"line":32,"column":null}},{"start":{},"end":{}}],"line":29},"3":{"loc":{"start":{"line":34,"column":8},"end":{"line":36,"column":null}},"type":"if","locations":[{"start":{"line":34,"column":8},"end":{"line":36,"column":null}},{"start":{},"end":{}}],"line":34},"4":{"loc":{"start":{"line":56,"column":4},"end":{"line":58,"column":null}},"type":"if","locations":[{"start":{"line":56,"column":4},"end":{"line":58,"column":null}},{"start":{},"end":{}}],"line":56},"5":{"loc":{"start":{"line":60,"column":4},"end":{"line":62,"column":null}},"type":"if","locations":[{"start":{"line":60,"column":4},"end":{"line":62,"column":null}},{"start":{},"end":{}}],"line":60},"6":{"loc":{"start":{"line":61,"column":13},"end":{"line":61,"column":null}},"type":"binary-expr","locations":[{"start":{"line":61,"column":13},"end":{"line":61,"column":48}},{"start":{"line":61,"column":48},"end":{"line":61,"column":null}}],"line":61},"7":{"loc":{"start":{"line":65,"column":6},"end":{"line":69,"column":null}},"type":"binary-expr","locations":[{"start":{"line":65,"column":6},"end":{"line":67,"column":null}},{"start":{"line":68,"column":6},"end":{"line":68,"column":null}},{"start":{"line":69,"column":6},"end":{"line":69,"column":null}}],"line":65},"8":{"loc":{"start":{"line":74,"column":21},"end":{"line":74,"column":null}},"type":"binary-expr","locations":[{"start":{"line":74,"column":21},"end":{"line":74,"column":55}},{"start":{"line":74,"column":55},"end":{"line":74,"column":null}}],"line":74},"9":{"loc":{"start":{"line":78,"column":6},"end":{"line":78,"column":null}},"type":"binary-expr","locations":[{"start":{"line":78,"column":6},"end":{"line":78,"column":45}},{"start":{"line":78,"column":45},"end":{"line":78,"column":null}}],"line":78},"10":{"loc":{"start":{"line":80,"column":6},"end":{"line":80,"column":null}},"type":"binary-expr","locations":[{"start":{"line":80,"column":6},"end":{"line":80,"column":45}},{"start":{"line":80,"column":45},"end":{"line":80,"column":null}}],"line":80},"11":{"loc":{"start":{"line":82,"column":6},"end":{"line":82,"column":null}},"type":"binary-expr","locations":[{"start":{"line":82,"column":6},"end":{"line":82,"column":45}},{"start":{"line":82,"column":45},"end":{"line":82,"column":null}}],"line":82},"12":{"loc":{"start":{"line":84,"column":6},"end":{"line":84,"column":null}},"type":"binary-expr","locations":[{"start":{"line":84,"column":6},"end":{"line":84,"column":42}},{"start":{"line":84,"column":42},"end":{"line":84,"column":null}}],"line":84}},"s":{"0":10,"1":10,"2":10,"3":10,"4":10,"5":2,"6":5,"7":5,"8":5,"9":5,"10":3,"11":3,"12":3,"13":2,"14":2,"15":2,"16":5,"17":5,"18":10,"19":4,"20":4,"21":4,"22":8,"23":4,"24":4,"25":4,"26":10,"27":8,"28":4,"29":4,"30":3,"31":1,"32":10},"f":{"0":10,"1":5,"2":2,"3":4,"4":4,"5":8,"6":4,"7":8},"b":{"0":[2],"1":[3,0],"2":[2,0],"3":[5,0],"4":[4,4],"5":[3,1],"6":[3,0],"7":[1,0,0],"8":[10,6],"9":[10,6],"10":[10,6],"11":[10,6],"12":[10,6]},"meta":{"lastBranch":13,"lastFunction":8,"lastStatement":33,"seen":{"f:6:16:6:34":0,"s:7:46:9:Infinity":0,"s:10:64:12:Infinity":1,"s:13:36:13:Infinity":2,"s:14:40:14:Infinity":3,"s:16:29:40:Infinity":4,"f:17:4:17:11":1,"b:17:11:17:56":0,"f:17:11:17:47":2,"s:17:47:17:56":5,"s:18:6:18:Infinity":6,"s:19:6:19:Infinity":7,"s:21:6:37:Infinity":8,"s:22:24:22:Infinity":9,"b:24:8:27:Infinity:undefined:undefined:undefined:undefined":1,"s:24:8:27:Infinity":10,"s:25:10:25:Infinity":11,"s:26:10:26:Infinity":12,"b:29:8:32:Infinity:undefined:undefined:undefined:undefined":2,"s:29:8:32:Infinity":13,"s:30:10:30:Infinity":14,"s:31:10:31:Infinity":15,"b:34:8:36:Infinity:undefined:undefined:undefined:undefined":3,"s:34:8:36:Infinity":16,"s:35:10:35:Infinity":17,"s:42:2:53:Infinity":18,"f:42:2:42:18":3,"s:43:20:43:Infinity":19,"s:45:22:47:Infinity":20,"f:45:29:45:46":4,"s:46:6:46:Infinity":21,"f:46:11:46:36":5,"s:46:36:46:45":22,"s:49:4:52:Infinity":23,"f:49:4:49:17":6,"s:50:6:50:Infinity":24,"s:51:6:51:Infinity":25,"s:55:30:71:Infinity":26,"f:55:30:55:44":7,"b:56:4:58:Infinity:undefined:undefined:undefined:undefined":4,"s:56:4:58:Infinity":27,"s:57:6:57:Infinity":28,"b:60:4:62:Infinity:undefined:undefined:undefined:undefined":5,"s:60:4:62:Infinity":29,"s:61:6:61:Infinity":30,"b:61:13:61:48:61:48:61:Infinity":6,"s:64:4:69:Infinity":31,"b:65:6:67:Infinity:68:6:68:Infinity:69:6:69:Infinity":7,"s:73:2:91:Infinity":32,"b:74:21:74:55:74:55:74:Infinity":8,"b:78:6:78:45:78:45:78:Infinity":9,"b:80:6:80:45:80:45:80:Infinity":10,"b:82:6:82:45:82:45:82:Infinity":11,"b:84:6:84:42:84:42:84:Infinity":12},"fnNames":{}}}
,"/Users/admin/Downloads/weather-forecast/weather-forecast/src/features/weather/hooks/useWeatherSearch.ts": {"path":"/Users/admin/Downloads/weather-forecast/weather-forecast/src/features/weather/hooks/useWeatherSearch.ts","statementMap":{"0":{"start":{"line":5,"column":26},"end":{"line":5,"column":null}},"1":{"start":{"line":6,"column":30},"end":{"line":6,"column":null}},"2":{"start":{"line":9,"column":38},"end":{"line":9,"column":null}},"3":{"start":{"line":10,"column":44},"end":{"line":10,"column":null}},"4":{"start":{"line":11,"column":36},"end":{"line":11,"column":null}},"5":{"start":{"line":12,"column":40},"end":{"line":12,"column":null}},"6":{"start":{"line":14,"column":28},"end":{"line":37,"column":null}},"7":{"start":{"line":15,"column":65},"end":{"line":15,"column":74}},"8":{"start":{"line":16,"column":6},"end":{"line":16,"column":null}},"9":{"start":{"line":17,"column":6},"end":{"line":17,"column":null}},"10":{"start":{"line":19,"column":6},"end":{"line":34,"column":null}},"11":{"start":{"line":20,"column":28},"end":{"line":20,"column":null}},"12":{"start":{"line":22,"column":8},"end":{"line":24,"column":null}},"13":{"start":{"line":23,"column":10},"end":{"line":23,"column":null}},"14":{"start":{"line":26,"column":8},"end":{"line":29,"column":null}},"15":{"start":{"line":27,"column":10},"end":{"line":27,"column":null}},"16":{"start":{"line":28,"column":10},"end":{"line":28,"column":null}},"17":{"start":{"line":31,"column":8},"end":{"line":33,"column":null}},"18":{"start":{"line":32,"column":10},"end":{"line":32,"column":null}},"19":{"start":{"line":39,"column":2},"end":{"line":53,"column":null}},"20":{"start":{"line":40,"column":19},"end":{"line":40,"column":null}},"21":{"start":{"line":42,"column":21},"end":{"line":42,"column":null}},"22":{"start":{"line":43,"column":25},"end":{"line":43,"column":null}},"23":{"start":{"line":45,"column":22},"end":{"line":47,"column":null}},"24":{"start":{"line":46,"column":6},"end":{"line":46,"column":null}},"25":{"start":{"line":46,"column":45},"end":{"line":46,"column":53}},"26":{"start":{"line":49,"column":4},"end":{"line":52,"column":null}},"27":{"start":{"line":50,"column":6},"end":{"line":50,"column":null}},"28":{"start":{"line":51,"column":6},"end":{"line":51,"column":null}},"29":{"start":{"line":56,"column":4},"end":{"line":56,"column":null}},"30":{"start":{"line":60,"column":21},"end":{"line":60,"column":null}},"31":{"start":{"line":62,"column":4},"end":{"line":62,"column":null}},"32":{"start":{"line":65,"column":2},"end":{"line":73,"column":null}},"33":{"start":{"line":77,"column":2},"end":{"line":77,"column":null}}},"fnMap":{"0":{"name":"useWeatherSearch","decl":{"start":{"line":8,"column":16},"end":{"line":8,"column":35}},"loc":{"start":{"line":8,"column":35},"end":{"line":74,"column":null}},"line":8},"1":{"name":"(anonymous_1)","decl":{"start":{"line":15,"column":4},"end":{"line":15,"column":11}},"loc":{"start":{"line":15,"column":74},"end":{"line":35,"column":null}},"line":15},"2":{"name":"(anonymous_2)","decl":{"start":{"line":15,"column":29},"end":{"line":15,"column":65}},"loc":{"start":{"line":15,"column":65},"end":{"line":15,"column":74}},"line":15},"3":{"name":"(anonymous_3)","decl":{"start":{"line":39,"column":2},"end":{"line":39,"column":18}},"loc":{"start":{"line":39,"column":18},"end":{"line":53,"column":5}},"line":39},"4":{"name":"(anonymous_4)","decl":{"start":{"line":45,"column":29},"end":{"line":45,"column":46}},"loc":{"start":{"line":45,"column":46},"end":{"line":47,"column":7}},"line":45},"5":{"name":"(anonymous_5)","decl":{"start":{"line":46,"column":29},"end":{"line":46,"column":45}},"loc":{"start":{"line":46,"column":45},"end":{"line":46,"column":53}},"line":46},"6":{"name":"(anonymous_6)","decl":{"start":{"line":49,"column":4},"end":{"line":49,"column":17}},"loc":{"start":{"line":49,"column":17},"end":{"line":52,"column":null}},"line":49},"7":{"name":"clearSearch","decl":{"start":{"line":55,"column":11},"end":{"line":55,"column":25}},"loc":{"start":{"line":55,"column":25},"end":{"line":57,"column":null}},"line":55},"8":{"name":"retrySearch","decl":{"start":{"line":59,"column":17},"end":{"line":59,"column":31}},"loc":{"start":{"line":59,"column":31},"end":{"line":63,"column":null}},"line":59},"9":{"name":"getCityNameForSearch","decl":{"start":{"line":76,"column":9},"end":{"line":76,"column":30}},"loc":{"start":{"line":76,"column":50},"end":{"line":78,"column":null}},"line":76}},"branchMap":{"0":{"loc":{"start":{"line":15,"column":29},"end":{"line":15,"column":74}},"type":"default-arg","locations":[{"start":{"line":15,"column":29},"end":{"line":15,"column":74}}],"line":15},"1":{"loc":{"start":{"line":22,"column":8},"end":{"line":24,"column":null}},"type":"if","locations":[{"start":{"line":22,"column":8},"end":{"line":24,"column":null}},{"start":{},"end":{}}],"line":22},"2":{"loc":{"start":{"line":26,"column":8},"end":{"line":29,"column":null}},"type":"if","locations":[{"start":{"line":26,"column":8},"end":{"line":29,"column":null}},{"start":{},"end":{}}],"line":26},"3":{"loc":{"start":{"line":31,"column":8},"end":{"line":33,"column":null}},"type":"if","locations":[{"start":{"line":31,"column":8},"end":{"line":33,"column":null}},{"start":{},"end":{}}],"line":31},"4":{"loc":{"start":{"line":43,"column":25},"end":{"line":43,"column":null}},"type":"cond-expr","locations":[{"start":{"line":43,"column":45},"end":{"line":43,"column":69}},{"start":{"line":43,"column":69},"end":{"line":43,"column":null}}],"line":43},"5":{"loc":{"start":{"line":77,"column":9},"end":{"line":77,"column":null}},"type":"binary-expr","locations":[{"start":{"line":77,"column":9},"end":{"line":77,"column":30}},{"start":{"line":77,"column":30},"end":{"line":77,"column":null}}],"line":77}},"s":{"0":1,"1":1,"2":15,"3":15,"4":15,"5":15,"6":15,"7":2,"8":7,"9":7,"10":7,"11":7,"12":6,"13":6,"14":1,"15":1,"16":1,"17":7,"18":7,"19":15,"20":7,"21":7,"22":7,"23":7,"24":6,"25":12,"26":7,"27":7,"28":7,"29":1,"30":1,"31":1,"32":15,"33":8},"f":{"0":15,"1":7,"2":2,"3":7,"4":6,"5":12,"6":7,"7":1,"8":1,"9":8},"b":{"0":[2],"1":[6,0],"2":[1,0],"3":[7,0],"4":[2,5],"5":[8,5]},"meta":{"lastBranch":6,"lastFunction":10,"lastStatement":34,"seen":{"s:5:26:5:Infinity":0,"s:6:30:6:Infinity":1,"f:8:16:8:35":0,"s:9:38:9:Infinity":2,"s:10:44:10:Infinity":3,"s:11:36:11:Infinity":4,"s:12:40:12:Infinity":5,"s:14:28:37:Infinity":6,"f:15:4:15:11":1,"b:15:29:15:74":0,"f:15:29:15:65":2,"s:15:65:15:74":7,"s:16:6:16:Infinity":8,"s:17:6:17:Infinity":9,"s:19:6:34:Infinity":10,"s:20:28:20:Infinity":11,"b:22:8:24:Infinity:undefined:undefined:undefined:undefined":1,"s:22:8:24:Infinity":12,"s:23:10:23:Infinity":13,"b:26:8:29:Infinity:undefined:undefined:undefined:undefined":2,"s:26:8:29:Infinity":14,"s:27:10:27:Infinity":15,"s:28:10:28:Infinity":16,"b:31:8:33:Infinity:undefined:undefined:undefined:undefined":3,"s:31:8:33:Infinity":17,"s:32:10:32:Infinity":18,"s:39:2:53:Infinity":19,"f:39:2:39:18":3,"s:40:19:40:Infinity":20,"s:42:21:42:Infinity":21,"s:43:25:43:Infinity":22,"b:43:45:43:69:43:69:43:Infinity":4,"s:45:22:47:Infinity":23,"f:45:29:45:46":4,"s:46:6:46:Infinity":24,"f:46:29:46:45":5,"s:46:45:46:53":25,"s:49:4:52:Infinity":26,"f:49:4:49:17":6,"s:50:6:50:Infinity":27,"s:51:6:51:Infinity":28,"f:55:11:55:25":7,"s:56:4:56:Infinity":29,"f:59:17:59:31":8,"s:60:21:60:Infinity":30,"s:62:4:62:Infinity":31,"s:65:2:73:Infinity":32,"f:76:9:76:30":9,"s:77:2:77:Infinity":33,"b:77:9:77:30:77:30:77:Infinity":5},"fnNames":{}}}
,"/Users/admin/Downloads/weather-forecast/weather-forecast/src/features/weather/mappers/weatherIconMapper.ts": {"path":"/Users/admin/Downloads/weather-forecast/weather-forecast/src/features/weather/mappers/weatherIconMapper.ts","statementMap":{"0":{"start":{"line":7,"column":26},"end":{"line":11,"column":null}},"1":{"start":{"line":13,"column":24},"end":{"line":22,"column":null}},"2":{"start":{"line":25,"column":28},"end":{"line":25,"column":null}},"3":{"start":{"line":26,"column":18},"end":{"line":26,"column":null}},"4":{"start":{"line":28,"column":27},"end":{"line":30,"column":null}},"5":{"start":{"line":29,"column":28},"end":{"line":29,"column":null}},"6":{"start":{"line":32,"column":2},"end":{"line":34,"column":null}},"7":{"start":{"line":33,"column":4},"end":{"line":33,"column":null}},"8":{"start":{"line":36,"column":31},"end":{"line":38,"column":null}},"9":{"start":{"line":37,"column":28},"end":{"line":37,"column":null}},"10":{"start":{"line":40,"column":2},"end":{"line":44,"column":null}},"11":{"start":{"line":41,"column":29},"end":{"line":41,"column":null}},"12":{"start":{"line":43,"column":4},"end":{"line":43,"column":null}},"13":{"start":{"line":46,"column":2},"end":{"line":46,"column":null}}},"fnMap":{"0":{"name":"getWeatherIcon","decl":{"start":{"line":24,"column":16},"end":{"line":24,"column":31}},"loc":{"start":{"line":24,"column":77},"end":{"line":47,"column":null}},"line":24},"1":{"name":"(anonymous_1)","decl":{"start":{"line":28,"column":61},"end":{"line":28,"column":null}},"loc":{"start":{"line":29,"column":28},"end":{"line":29,"column":null}},"line":29},"2":{"name":"(anonymous_2)","decl":{"start":{"line":36,"column":63},"end":{"line":36,"column":null}},"loc":{"start":{"line":37,"column":28},"end":{"line":37,"column":null}},"line":37}},"branchMap":{"0":{"loc":{"start":{"line":32,"column":2},"end":{"line":34,"column":null}},"type":"if","locations":[{"start":{"line":32,"column":2},"end":{"line":34,"column":null}},{"start":{},"end":{}}],"line":32},"1":{"loc":{"start":{"line":40,"column":2},"end":{"line":44,"column":null}},"type":"if","locations":[{"start":{"line":40,"column":2},"end":{"line":44,"column":null}},{"start":{},"end":{}}],"line":40},"2":{"loc":{"start":{"line":43,"column":11},"end":{"line":43,"column":null}},"type":"cond-expr","locations":[{"start":{"line":43,"column":21},"end":{"line":43,"column":42}},{"start":{"line":43,"column":42},"end":{"line":43,"column":null}}],"line":43},"3":{"loc":{"start":{"line":46,"column":9},"end":{"line":46,"column":null}},"type":"cond-expr","locations":[{"start":{"line":46,"column":19},"end":{"line":46,"column":31}},{"start":{"line":46,"column":31},"end":{"line":46,"column":null}}],"line":46}},"s":{"0":2,"1":2,"2":23,"3":23,"4":23,"5":62,"6":23,"7":7,"8":16,"9":23,"10":16,"11":14,"12":14,"13":2},"f":{"0":23,"1":62,"2":23},"b":{"0":[7,16],"1":[14,2],"2":[4,10],"3":[1,1]},"meta":{"lastBranch":4,"lastFunction":3,"lastStatement":14,"seen":{"s:7:26:11:Infinity":0,"s:13:24:22:Infinity":1,"f:24:16:24:31":0,"s:25:28:25:Infinity":2,"s:26:18:26:Infinity":3,"s:28:27:30:Infinity":4,"f:28:61:28:Infinity":1,"s:29:28:29:Infinity":5,"b:32:2:34:Infinity:undefined:undefined:undefined:undefined":0,"s:32:2:34:Infinity":6,"s:33:4:33:Infinity":7,"s:36:31:38:Infinity":8,"f:36:63:36:Infinity":2,"s:37:28:37:Infinity":9,"b:40:2:44:Infinity:undefined:undefined:undefined:undefined":1,"s:40:2:44:Infinity":10,"s:41:29:41:Infinity":11,"s:43:4:43:Infinity":12,"b:43:21:43:42:43:42:43:Infinity":2,"s:46:2:46:Infinity":13,"b:46:19:46:31:46:31:46:Infinity":3},"fnNames":{}}}
,"/Users/admin/Downloads/weather-forecast/weather-forecast/src/features/weather/mappers/weatherMapper.ts": {"path":"/Users/admin/Downloads/weather-forecast/weather-forecast/src/features/weather/mappers/weatherMapper.ts","statementMap":{"0":{"start":{"line":21,"column":30},"end":{"line":21,"column":null}},"1":{"start":{"line":22,"column":29},"end":{"line":22,"column":null}},"2":{"start":{"line":30,"column":18},"end":{"line":30,"column":null}},"3":{"start":{"line":32,"column":2},"end":{"line":46,"column":null}},"4":{"start":{"line":53,"column":2},"end":{"line":63,"column":null}},"5":{"start":{"line":72,"column":18},"end":{"line":72,"column":null}},"6":{"start":{"line":74,"column":2},"end":{"line":84,"column":null}},"7":{"start":{"line":90,"column":29},"end":{"line":92,"column":null}},"8":{"start":{"line":94,"column":2},"end":{"line":103,"column":null}},"9":{"start":{"line":97,"column":6},"end":{"line":102,"column":null}},"10":{"start":{"line":107,"column":2},"end":{"line":109,"column":null}},"11":{"start":{"line":108,"column":25},"end":{"line":108,"column":71}},"12":{"start":{"line":117,"column":2},"end":{"line":119,"column":null}},"13":{"start":{"line":118,"column":25},"end":{"line":118,"column":71}},"14":{"start":{"line":127,"column":32},"end":{"line":136,"column":null}},"15":{"start":{"line":138,"column":2},"end":{"line":148,"column":null}},"16":{"start":{"line":155,"column":26},"end":{"line":155,"column":null}},"17":{"start":{"line":157,"column":2},"end":{"line":162,"column":null}},"18":{"start":{"line":158,"column":20},"end":{"line":158,"column":null}},"19":{"start":{"line":159,"column":25},"end":{"line":159,"column":null}},"20":{"start":{"line":161,"column":4},"end":{"line":161,"column":null}},"21":{"start":{"line":164,"column":19},"end":{"line":164,"column":null}},"22":{"start":{"line":166,"column":24},"end":{"line":214,"column":null}},"23":{"start":{"line":168,"column":33},"end":{"line":171,"column":null}},"24":{"start":{"line":173,"column":35},"end":{"line":176,"column":null}},"25":{"start":{"line":178,"column":22},"end":{"line":178,"column":null}},"26":{"start":{"line":180,"column":29},"end":{"line":182,"column":null}},"27":{"start":{"line":181,"column":31},"end":{"line":181,"column":49}},"28":{"start":{"line":184,"column":29},"end":{"line":186,"column":null}},"29":{"start":{"line":185,"column":31},"end":{"line":185,"column":49}},"30":{"start":{"line":188,"column":33},"end":{"line":191,"column":null}},"31":{"start":{"line":193,"column":6},"end":{"line":212,"column":null}},"32":{"start":{"line":205,"column":12},"end":{"line":210,"column":null}},"33":{"start":{"line":216,"column":27},"end":{"line":218,"column":null}},"34":{"start":{"line":217,"column":22},"end":{"line":217,"column":null}},"35":{"start":{"line":220,"column":2},"end":{"line":222,"column":null}},"36":{"start":{"line":221,"column":4},"end":{"line":221,"column":null}},"37":{"start":{"line":224,"column":2},"end":{"line":227,"column":null}}},"fnMap":{"0":{"name":"mapCurrentWeatherToCityWeather","decl":{"start":{"line":26,"column":16},"end":{"line":26,"column":null}},"loc":{"start":{"line":29,"column":15},"end":{"line":47,"column":null}},"line":29},"1":{"name":"mapForecastToWeatherDetails","decl":{"start":{"line":49,"column":16},"end":{"line":49,"column":null}},"loc":{"start":{"line":52,"column":18},"end":{"line":64,"column":null}},"line":52},"2":{"name":"mapForecastItemToHourlyForecast","decl":{"start":{"line":66,"column":9},"end":{"line":66,"column":null}},"loc":{"start":{"line":71,"column":18},"end":{"line":85,"column":null}},"line":71},"3":{"name":"mapHourlyForecast","decl":{"start":{"line":87,"column":9},"end":{"line":87,"column":null}},"loc":{"start":{"line":89,"column":20},"end":{"line":104,"column":null}},"line":89},"4":{"name":"(anonymous_4)","decl":{"start":{"line":96,"column":5},"end":{"line":96,"column":10}},"loc":{"start":{"line":97,"column":6},"end":{"line":102,"column":null}},"line":97},"5":{"name":"getRepresentativeForecastItem","decl":{"start":{"line":106,"column":9},"end":{"line":106,"column":39}},"loc":{"start":{"line":106,"column":80},"end":{"line":111,"column":null}},"line":106},"6":{"name":"(anonymous_6)","decl":{"start":{"line":108,"column":10},"end":{"line":108,"column":16}},"loc":{"start":{"line":108,"column":25},"end":{"line":108,"column":71}},"line":108},"7":{"name":"getDailyTemperatureForecastItem","decl":{"start":{"line":113,"column":9},"end":{"line":113,"column":null}},"loc":{"start":{"line":116,"column":2},"end":{"line":121,"column":null}},"line":116},"8":{"name":"(anonymous_8)","decl":{"start":{"line":118,"column":10},"end":{"line":118,"column":16}},"loc":{"start":{"line":118,"column":25},"end":{"line":118,"column":71}},"line":118},"9":{"name":"mapCurrentWeatherToTodayForecast","decl":{"start":{"line":123,"column":9},"end":{"line":123,"column":null}},"loc":{"start":{"line":126,"column":17},"end":{"line":149,"column":null}},"line":126},"10":{"name":"mapDailyForecast","decl":{"start":{"line":151,"column":9},"end":{"line":151,"column":null}},"loc":{"start":{"line":154,"column":19},"end":{"line":228,"column":null}},"line":154},"11":{"name":"(anonymous_11)","decl":{"start":{"line":157,"column":16},"end":{"line":157,"column":25}},"loc":{"start":{"line":157,"column":34},"end":{"line":162,"column":3}},"line":157},"12":{"name":"(anonymous_12)","decl":{"start":{"line":166,"column":62},"end":{"line":166,"column":null}},"loc":{"start":{"line":167,"column":26},"end":{"line":213,"column":null}},"line":167},"13":{"name":"(anonymous_13)","decl":{"start":{"line":181,"column":17},"end":{"line":181,"column":22}},"loc":{"start":{"line":181,"column":31},"end":{"line":181,"column":49}},"line":181},"14":{"name":"(anonymous_14)","decl":{"start":{"line":185,"column":17},"end":{"line":185,"column":22}},"loc":{"start":{"line":185,"column":31},"end":{"line":185,"column":49}},"line":185},"15":{"name":"(anonymous_15)","decl":{"start":{"line":204,"column":11},"end":{"line":204,"column":16}},"loc":{"start":{"line":205,"column":12},"end":{"line":210,"column":null}},"line":205},"16":{"name":"(anonymous_16)","decl":{"start":{"line":216,"column":41},"end":{"line":216,"column":null}},"loc":{"start":{"line":217,"column":22},"end":{"line":217,"column":null}},"line":217}},"branchMap":{"0":{"loc":{"start":{"line":33,"column":28},"end":{"line":33,"column":null}},"type":"binary-expr","locations":[{"start":{"line":33,"column":28},"end":{"line":33,"column":46}},{"start":{"line":33,"column":46},"end":{"line":33,"column":null}}],"line":33},"1":{"loc":{"start":{"line":35,"column":19},"end":{"line":37,"column":null}},"type":"cond-expr","locations":[{"start":{"line":36,"column":8},"end":{"line":36,"column":null}},{"start":{"line":37,"column":8},"end":{"line":37,"column":null}}],"line":35},"2":{"loc":{"start":{"line":78,"column":6},"end":{"line":80,"column":null}},"type":"cond-expr","locations":[{"start":{"line":79,"column":10},"end":{"line":79,"column":null}},{"start":{"line":80,"column":10},"end":{"line":80,"column":null}}],"line":78},"3":{"loc":{"start":{"line":78,"column":6},"end":{"line":78,"column":null}},"type":"binary-expr","locations":[{"start":{"line":78,"column":6},"end":{"line":78,"column":21}},{"start":{"line":78,"column":21},"end":{"line":78,"column":null}}],"line":78},"4":{"loc":{"start":{"line":90,"column":29},"end":{"line":92,"column":null}},"type":"cond-expr","locations":[{"start":{"line":91,"column":6},"end":{"line":91,"column":null}},{"start":{"line":92,"column":6},"end":{"line":92,"column":null}}],"line":90},"5":{"loc":{"start":{"line":108,"column":4},"end":{"line":109,"column":null}},"type":"binary-expr","locations":[{"start":{"line":108,"column":4},"end":{"line":108,"column":null}},{"start":{"line":109,"column":4},"end":{"line":109,"column":null}}],"line":108},"6":{"loc":{"start":{"line":118,"column":4},"end":{"line":119,"column":null}},"type":"binary-expr","locations":[{"start":{"line":118,"column":4},"end":{"line":118,"column":null}},{"start":{"line":119,"column":4},"end":{"line":119,"column":null}}],"line":118},"7":{"loc":{"start":{"line":159,"column":25},"end":{"line":159,"column":null}},"type":"binary-expr","locations":[{"start":{"line":159,"column":25},"end":{"line":159,"column":57}},{"start":{"line":159,"column":57},"end":{"line":159,"column":null}}],"line":159},"8":{"loc":{"start":{"line":220,"column":2},"end":{"line":222,"column":null}},"type":"if","locations":[{"start":{"line":220,"column":2},"end":{"line":222,"column":null}},{"start":{},"end":{}}],"line":220}},"s":{"0":1,"1":1,"2":1,"3":1,"4":2,"5":10,"6":10,"7":2,"8":2,"9":5,"10":3,"11":4,"12":3,"13":4,"14":1,"15":1,"16":2,"17":2,"18":5,"19":5,"20":5,"21":2,"22":2,"23":3,"24":3,"25":3,"26":3,"27":5,"28":3,"29":5,"30":3,"31":3,"32":5,"33":2,"34":2,"35":2,"36":1,"37":1},"f":{"0":1,"1":2,"2":10,"3":2,"4":5,"5":3,"6":4,"7":3,"8":4,"9":1,"10":2,"11":5,"12":3,"13":5,"14":5,"15":5,"16":2},"b":{"0":[1,0],"1":[1,0],"2":[2,8],"3":[10,5],"4":[2,0],"5":[3,1],"6":[3,1],"7":[5,3],"8":[1,1]},"meta":{"lastBranch":9,"lastFunction":17,"lastStatement":38,"seen":{"s:21:30:21:Infinity":0,"s:22:29:22:Infinity":1,"f:26:16:26:Infinity":0,"s:30:18:30:Infinity":2,"s:32:2:46:Infinity":3,"b:33:28:33:46:33:46:33:Infinity":0,"b:36:8:36:Infinity:37:8:37:Infinity":1,"f:49:16:49:Infinity":1,"s:53:2:63:Infinity":4,"f:66:9:66:Infinity":2,"s:72:18:72:Infinity":5,"s:74:2:84:Infinity":6,"b:79:10:79:Infinity:80:10:80:Infinity":2,"b:78:6:78:21:78:21:78:Infinity":3,"f:87:9:87:Infinity":3,"s:90:29:92:Infinity":7,"b:91:6:91:Infinity:92:6:92:Infinity":4,"s:94:2:103:Infinity":8,"f:96:5:96:10":4,"s:97:6:102:Infinity":9,"f:106:9:106:39":5,"s:107:2:109:Infinity":10,"b:108:4:108:Infinity:109:4:109:Infinity":5,"f:108:10:108:16":6,"s:108:25:108:71":11,"f:113:9:113:Infinity":7,"s:117:2:119:Infinity":12,"b:118:4:118:Infinity:119:4:119:Infinity":6,"f:118:10:118:16":8,"s:118:25:118:71":13,"f:123:9:123:Infinity":9,"s:127:32:136:Infinity":14,"s:138:2:148:Infinity":15,"f:151:9:151:Infinity":10,"s:155:26:155:Infinity":16,"s:157:2:162:Infinity":17,"f:157:16:157:25":11,"s:158:20:158:Infinity":18,"s:159:25:159:Infinity":19,"b:159:25:159:57:159:57:159:Infinity":7,"s:161:4:161:Infinity":20,"s:164:19:164:Infinity":21,"s:166:24:214:Infinity":22,"f:166:62:166:Infinity":12,"s:168:33:171:Infinity":23,"s:173:35:176:Infinity":24,"s:178:22:178:Infinity":25,"s:180:29:182:Infinity":26,"f:181:17:181:22":13,"s:181:31:181:49":27,"s:184:29:186:Infinity":28,"f:185:17:185:22":14,"s:185:31:185:49":29,"s:188:33:191:Infinity":30,"s:193:6:212:Infinity":31,"f:204:11:204:16":15,"s:205:12:210:Infinity":32,"s:216:27:218:Infinity":33,"f:216:41:216:Infinity":16,"s:217:22:217:Infinity":34,"b:220:2:222:Infinity:undefined:undefined:undefined:undefined":8,"s:220:2:222:Infinity":35,"s:221:4:221:Infinity":36,"s:224:2:227:Infinity":37},"fnNames":{}}}
,"/Users/admin/Downloads/weather-forecast/weather-forecast/src/features/weather/services/weatherService.ts": {"path":"/Users/admin/Downloads/weather-forecast/weather-forecast/src/features/weather/services/weatherService.ts","statementMap":{"0":{"start":{"line":16,"column":19},"end":{"line":16,"column":null}},"1":{"start":{"line":18,"column":2},"end":{"line":20,"column":null}},"2":{"start":{"line":19,"column":4},"end":{"line":19,"column":null}},"3":{"start":{"line":22,"column":25},"end":{"line":25,"column":null}},"4":{"start":{"line":27,"column":2},"end":{"line":27,"column":null}},"5":{"start":{"line":33,"column":19},"end":{"line":36,"column":null}},"6":{"start":{"line":38,"column":2},"end":{"line":38,"column":null}}},"fnMap":{"0":{"name":"searchCityWeatherList","decl":{"start":{"line":13,"column":22},"end":{"line":13,"column":null}},"loc":{"start":{"line":15,"column":26},"end":{"line":28,"column":null}},"line":15},"1":{"name":"getWeatherDetailsByCoordinates","decl":{"start":{"line":30,"column":22},"end":{"line":30,"column":null}},"loc":{"start":{"line":32,"column":27},"end":{"line":39,"column":null}},"line":32}},"branchMap":{"0":{"loc":{"start":{"line":18,"column":2},"end":{"line":20,"column":null}},"type":"if","locations":[{"start":{"line":18,"column":2},"end":{"line":20,"column":null}},{"start":{},"end":{}}],"line":18}},"s":{"0":2,"1":2,"2":1,"3":1,"4":1,"5":1,"6":1},"f":{"0":2,"1":1},"b":{"0":[1,1]},"meta":{"lastBranch":1,"lastFunction":2,"lastStatement":7,"seen":{"f:13:22:13:Infinity":0,"s:16:19:16:Infinity":0,"b:18:2:20:Infinity:undefined:undefined:undefined:undefined":0,"s:18:2:20:Infinity":1,"s:19:4:19:Infinity":2,"s:22:25:25:Infinity":3,"s:27:2:27:Infinity":4,"f:30:22:30:Infinity":1,"s:33:19:36:Infinity":5,"s:38:2:38:Infinity":6},"fnNames":{}}}
,"/Users/admin/Downloads/weather-forecast/weather-forecast/src/features/weather/utils/dateUtils.ts": {"path":"/Users/admin/Downloads/weather-forecast/weather-forecast/src/features/weather/utils/dateUtils.ts","statementMap":{"0":{"start":{"line":2,"column":2},"end":{"line":4,"column":null}},"1":{"start":{"line":3,"column":4},"end":{"line":3,"column":null}},"2":{"start":{"line":6,"column":2},"end":{"line":6,"column":null}},"3":{"start":{"line":10,"column":2},"end":{"line":14,"column":null}},"4":{"start":{"line":18,"column":2},"end":{"line":18,"column":null}},"5":{"start":{"line":22,"column":19},"end":{"line":22,"column":null}},"6":{"start":{"line":23,"column":22},"end":{"line":23,"column":null}},"7":{"start":{"line":25,"column":2},"end":{"line":27,"column":null}},"8":{"start":{"line":26,"column":4},"end":{"line":26,"column":null}},"9":{"start":{"line":29,"column":14},"end":{"line":32,"column":null}},"10":{"start":{"line":34,"column":2},"end":{"line":34,"column":null}},"11":{"start":{"line":38,"column":19},"end":{"line":38,"column":null}},"12":{"start":{"line":39,"column":22},"end":{"line":39,"column":null}},"13":{"start":{"line":41,"column":2},"end":{"line":41,"column":null}}},"fnMap":{"0":{"name":"capitalizeFirstLetter","decl":{"start":{"line":1,"column":16},"end":{"line":1,"column":38}},"loc":{"start":{"line":1,"column":53},"end":{"line":7,"column":null}},"line":1},"1":{"name":"formatTime","decl":{"start":{"line":9,"column":16},"end":{"line":9,"column":27}},"loc":{"start":{"line":9,"column":64},"end":{"line":15,"column":null}},"line":9},"2":{"name":"formatDateKey","decl":{"start":{"line":17,"column":16},"end":{"line":17,"column":30}},"loc":{"start":{"line":17,"column":67},"end":{"line":19,"column":null}},"line":17},"3":{"name":"formatDayLabel","decl":{"start":{"line":21,"column":16},"end":{"line":21,"column":31}},"loc":{"start":{"line":21,"column":68},"end":{"line":35,"column":null}},"line":21},"4":{"name":"isTodayForecast","decl":{"start":{"line":37,"column":16},"end":{"line":37,"column":32}},"loc":{"start":{"line":37,"column":69},"end":{"line":42,"column":null}},"line":37}},"branchMap":{"0":{"loc":{"start":{"line":2,"column":2},"end":{"line":4,"column":null}},"type":"if","locations":[{"start":{"line":2,"column":2},"end":{"line":4,"column":null}},{"start":{},"end":{}}],"line":2},"1":{"loc":{"start":{"line":25,"column":2},"end":{"line":27,"column":null}},"type":"if","locations":[{"start":{"line":25,"column":2},"end":{"line":27,"column":null}},{"start":{},"end":{}}],"line":25}},"s":{"0":19,"1":1,"2":18,"3":18,"4":42,"5":5,"6":5,"7":5,"8":2,"9":3,"10":3,"11":7,"12":7,"13":7},"f":{"0":19,"1":18,"2":42,"3":5,"4":7},"b":{"0":[1,18],"1":[2,3]},"meta":{"lastBranch":2,"lastFunction":5,"lastStatement":14,"seen":{"f:1:16:1:38":0,"b:2:2:4:Infinity:undefined:undefined:undefined:undefined":0,"s:2:2:4:Infinity":0,"s:3:4:3:Infinity":1,"s:6:2:6:Infinity":2,"f:9:16:9:27":1,"s:10:2:14:Infinity":3,"f:17:16:17:30":2,"s:18:2:18:Infinity":4,"f:21:16:21:31":3,"s:22:19:22:Infinity":5,"s:23:22:23:Infinity":6,"b:25:2:27:Infinity:undefined:undefined:undefined:undefined":1,"s:25:2:27:Infinity":7,"s:26:4:26:Infinity":8,"s:29:14:32:Infinity":9,"s:34:2:34:Infinity":10,"f:37:16:37:32":4,"s:38:19:38:Infinity":11,"s:39:22:39:Infinity":12,"s:41:2:41:Infinity":13},"fnNames":{}}}
}
